<?xml version="1.0" encoding="UTF-8"?>
<Site BuildName="Darwin-clang++"
	BuildStamp="20231010-0552-Experimental"
	Name="shideMacBook-Pro.local"
	Generator="ctest-3.27.5"
	CompilerName="/usr/bin/clang++"
	CompilerVersion="14.0.3.14030022"
	OSName="macOS"
	Hostname="shideMacBook-Pro.local"
	OSRelease="13.1"
	OSVersion="22C65"
	OSPlatform="x86_64"
	Is64Bits="1"
	VendorString="GenuineIntel"
	VendorID="Intel Corporation"
	FamilyID="6"
	ModelID="158"
	ProcessorCacheSize="32768"
	NumberOfLogicalCPU="16"
	NumberOfPhysicalCPU="8"
	TotalVirtualMemory="3072"
	TotalPhysicalMemory="32768"
	LogicalProcessorsPerPhysical="8"
	ProcessorClockFrequency="2300"
	>
	<Testing>
		<StartDateTime>Oct 10 15:09 CST</StartDateTime>
		<StartTestTime>1696921752</StartTestTime>
		<TestList/>
		<EndDateTime>Oct 10 15:09 CST</EndDateTime>
		<EndTestTime>1696921752</EndTestTime>
		<ElapsedMinutes>0</ElapsedMinutes>
	</Testing>
</Site>
